2015-04-28 15:35:57.962 MediaInputApp[2461:215408] DiskCookieStorage changing policy from 2 to 0, cookie file: file:///Users/alexrojas/Library/Developer/CoreSimulator/Devices/800DD683-83D7-435E-8600-8022C79E62AD/data/Containers/Data/Application/06D346EC-18CD-4057-B754-7EF4C489A400/Library/Cookies/Cookies.binarycookies
2015-04-28 15:35:59.295 MediaInputApp[2461:215408] Apache Cordova native platform version 3.8.0 is starting.
2015-04-28 15:35:59.295 MediaInputApp[2461:215408] Multi-tasking -> Device: YES, App: YES
2015-04-28 15:35:59.340 MediaInputApp[2461:215408] Unlimited access to network resources
2015-04-28 15:35:59.411 MediaInputApp[2461:215408] 

Started backup to iCloud! Please be careful.
Your application might be rejected by Apple if you store too much data.
For more information please read "iOS Data Storage Guidelines" at:
https://developer.apple.com/icloud/documentation/data-storage/
To disable web storage backup to iCloud, set the BackupWebStorage preference to "local" in the Cordova config.xml file

2015-04-28 15:36:00.735 MediaInputApp[2461:215408] [CDVTimer][file] 81.286013ms
2015-04-28 15:36:00.736 MediaInputApp[2461:215408] [CDVTimer][TotalPluginStartup] 81.597984ms
2015-04-28 15:36:03.819 MediaInputApp[2461:215408] Resetting plugins due to page load.
2015-04-28 15:36:04.396 MediaInputApp[2461:215408] Finished load of: file:///Users/alexrojas/Library/Developer/CoreSimulator/Devices/800DD683-83D7-435E-8600-8022C79E62AD/data/Containers/Bundle/Application/192A4086-0E00-4C94-9869-1FEA3A89897C/MediaInputApp.app/www/index.html
2015-04-28 15:59:08.256 MediaInputApp[2771:223455] DiskCookieStorage changing policy from 2 to 0, cookie file: file:///Users/alexrojas/Library/Developer/CoreSimulator/Devices/800DD683-83D7-435E-8600-8022C79E62AD/data/Containers/Data/Application/A95DF4AF-8509-4299-A628-9D43B68565AE/Library/Cookies/Cookies.binarycookies
2015-04-28 15:59:09.516 MediaInputApp[2771:223455] Apache Cordova native platform version 3.8.0 is starting.
2015-04-28 15:59:09.516 MediaInputApp[2771:223455] Multi-tasking -> Device: YES, App: YES
2015-04-28 15:59:09.579 MediaInputApp[2771:223455] Unlimited access to network resources
2015-04-28 15:59:09.599 MediaInputApp[2771:223455] 

Started backup to iCloud! Please be careful.
Your application might be rejected by Apple if you store too much data.
For more information please read "iOS Data Storage Guidelines" at:
https://developer.apple.com/icloud/documentation/data-storage/
To disable web storage backup to iCloud, set the BackupWebStorage preference to "local" in the Cordova config.xml file

2015-04-28 15:59:10.815 MediaInputApp[2771:223455] [CDVTimer][file] 53.283036ms
2015-04-28 15:59:10.816 MediaInputApp[2771:223455] [CDVTimer][TotalPluginStartup] 54.090023ms
2015-04-28 15:59:12.132 MediaInputApp[2771:223455] Resetting plugins due to page load.
2015-04-28 15:59:12.571 MediaInputApp[2771:223455] Finished load of: file:///Users/alexrojas/Library/Developer/CoreSimulator/Devices/800DD683-83D7-435E-8600-8022C79E62AD/data/Containers/Bundle/Application/233FC368-0445-4DD8-A441-9B2A73F2C439/MediaInputApp.app/www/index.html
2015-04-28 16:00:26.675 MediaInputApp[2771:223917] Terminating since there is no system app.
